<?xml version="1.0" encoding="UTF-8"?>
<testsuite xmlns:xsi="http://www.w3.org/2001/XMLSchema-instance" xsi:noNamespaceSchemaLocation="https://maven.apache.org/surefire/maven-surefire-plugin/xsd/surefire-test-report-3.0.xsd" version="3.0" name="pwo.lab13.TextTest" time="0.629" tests="19" errors="0" skipped="0" failures="0">
  <properties>
[...]
</properties>
  <testcase name="numOfDigitsTest2(String)[1]" classname="pwo.lab13.TextTest" time="0.204">
    <system-out><![CDATA[Liczba cyfr w stringu: "aa23bb34sd" to 4
]]></system-out>
  </testcase>
  <testcase name="notContDigitsTest2(String)[1]" classname="pwo.lab13.TextTest" time="0.02">
    <system-out><![CDATA[String zawiera cyfry: 1x3vdsfsdf
]]></system-out>
  </testcase>
  <testcase name="notContDigitsTest2(String)[2]" classname="pwo.lab13.TextTest" time="0.001">
    <system-out><![CDATA[String zawiera cyfry: 123123
]]></system-out>
  </testcase>
  <testcase name="notContDigitsTest2(String)[3]" classname="pwo.lab13.TextTest" time="0.001">
    <system-out><![CDATA[String zawiera cyfry: aasbdf3
]]></system-out>
  </testcase>
  <testcase name="cont5DigTest1(String)[1]" classname="pwo.lab13.TextTest" time="0.005">
    <system-out><![CDATA[Test pozytywny dla: aa234bb34sd
]]></system-out>
  </testcase>
  <testcase name="cont5DigTest1(String)[2]" classname="pwo.lab13.TextTest" time="0.001">
    <system-out><![CDATA[Test pozytywny dla: 1 2 3 4 5
]]></system-out>
  </testcase>
  <testcase name="cont5DigTest1(String)[3]" classname="pwo.lab13.TextTest" time="0.001">
    <system-out><![CDATA[Test pozytywny dla: xx12x12x1x
]]></system-out>
  </testcase>
  <testcase name="cont5DigTest2(String)[1]" classname="pwo.lab13.TextTest" time="0.003">
    <system-out><![CDATA[Test negatywny dla: aa23bb34sd
]]></system-out>
  </testcase>
  <testcase name="cont5DigTest2(String)[2]" classname="pwo.lab13.TextTest" time="0.002">
    <system-out><![CDATA[Test negatywny dla: 1 2 x 4 5
]]></system-out>
  </testcase>
  <testcase name="cont5DigTest2(String)[3]" classname="pwo.lab13.TextTest" time="0.002">
    <system-out><![CDATA[Test negatywny dla: xx1x12x1x
]]></system-out>
  </testcase>
  <testcase name="contOnlyDigits(String)[1]" classname="pwo.lab13.TextTest" time="0.011">
    <system-out><![CDATA[String zawiera tylko cyfry: 798324879324
]]></system-out>
  </testcase>
  <testcase name="contOnlyDigits(String)[2]" classname="pwo.lab13.TextTest" time="0.001">
    <system-out><![CDATA[String zawiera tylko cyfry: 112323123
]]></system-out>
  </testcase>
  <testcase name="contOnlyDigits(String)[3]" classname="pwo.lab13.TextTest" time="0.001">
    <system-out><![CDATA[String zawiera tylko cyfry: 534
]]></system-out>
  </testcase>
  <testcase name="contOnlyDigits2(String)[1]" classname="pwo.lab13.TextTest" time="0.002">
    <system-out><![CDATA[String nie zawiera tylko cyfry: 79832a4879324
]]></system-out>
  </testcase>
  <testcase name="contOnlyDigits2(String)[2]" classname="pwo.lab13.TextTest" time="0.001">
    <system-out><![CDATA[String nie zawiera tylko cyfry: 112323b123
]]></system-out>
  </testcase>
  <testcase name="contOnlyDigits2(String)[3]" classname="pwo.lab13.TextTest" time="0.007">
    <system-out><![CDATA[String nie zawiera tylko cyfry: 53fg4
]]></system-out>
  </testcase>
  <testcase name="numOfDigitsTest(String)[1]" classname="pwo.lab13.TextTest" time="0.017">
    <system-out><![CDATA[Liczba cyfr w stringu: "aa23bb34sd" to 4
]]></system-out>
  </testcase>
  <testcase name="notContDigitsTest(String)[1]" classname="pwo.lab13.TextTest" time="0.002">
    <system-out><![CDATA[String nie zawiera cyfr: abcdefghj
]]></system-out>
  </testcase>
  <testcase name="notContDigitsTest(String)[2]" classname="pwo.lab13.TextTest" time="0">
    <system-out><![CDATA[String nie zawiera cyfr: asdasdg
]]></system-out>
  </testcase>
</testsuite>