<?xml version="1.0" encoding="UTF-8"?>
<testsuite xmlns:xsi="http://www.w3.org/2001/XMLSchema-instance" xsi:noNamespaceSchemaLocation="https://maven.apache.org/surefire/maven-surefire-plugin/xsd/surefire-test-report-3.0.xsd" version="3.0" name="pwo.lab13.app.ProcessArgsTest" time="0.165" tests="10" errors="0" skipped="0" failures="0">
  <properties>
[...]
</properties>
  <testcase name="testGetAction0" classname="pwo.lab13.app.ProcessArgsTest" time="0.043">
    <system-out><![CDATA[test get action 0
]]></system-out>
  </testcase>
  <testcase name="testGetAction1" classname="pwo.lab13.app.ProcessArgsTest" time="0.011">
    <system-out><![CDATA[test get action 1
]]></system-out>
  </testcase>
  <testcase name="testGetAction2" classname="pwo.lab13.app.ProcessArgsTest" time="0.004">
    <system-out><![CDATA[test get action 2
]]></system-out>
  </testcase>
  <testcase name="testGetAction3" classname="pwo.lab13.app.ProcessArgsTest" time="0.012">
    <system-out><![CDATA[test get action 3
]]></system-out>
  </testcase>
  <testcase name="testGetAction4" classname="pwo.lab13.app.ProcessArgsTest" time="0.003">
    <system-out><![CDATA[test get action 4
]]></system-out>
  </testcase>
  <testcase name="testGetNumbers0" classname="pwo.lab13.app.ProcessArgsTest" time="0.007">
    <system-out><![CDATA[test get numbers 0
]]></system-out>
  </testcase>
  <testcase name="testGetNumbers1" classname="pwo.lab13.app.ProcessArgsTest" time="0.003">
    <system-out><![CDATA[test get numbers 1
]]></system-out>
  </testcase>
  <testcase name="testGetNumbers2" classname="pwo.lab13.app.ProcessArgsTest" time="0">
    <system-out><![CDATA[test get numbers 2
]]></system-out>
  </testcase>
  <testcase name="testGetNumbers3" classname="pwo.lab13.app.ProcessArgsTest" time="0.001">
    <system-out><![CDATA[test get numbers 3
]]></system-out>
  </testcase>
  <testcase name="testGetNumbers4" classname="pwo.lab13.app.ProcessArgsTest" time="0.001">
    <system-out><![CDATA[test get numbers 0
]]></system-out>
  </testcase>
</testsuite>